# Logfile created on 2011-12-11 12:17:00 -0600 by logger.rb/25413
D, [2011-12-11T12:17:00.252576 #31056] DEBUG -- : nil
D, [2011-12-11T12:17:05.288424 #31062] DEBUG -- : nil
D, [2011-12-11T12:17:55.107059 #31089] DEBUG -- : #<Event id: 11, location_id: 449, flyer: "6A7W3.jpg", start: "2012-12-12 00:00:00", end: "2011-12-11 09:01:25", band_name: "Test">
D, [2011-12-11T12:22:14.293947 #31274] DEBUG -- : nil
D, [2011-12-11T12:22:19.136765 #31283] DEBUG -- : nil
D, [2011-12-11T12:27:20.016601 #31314] DEBUG -- : nil
D, [2011-12-11T12:27:20.017097 #31314] DEBUG -- : nil
D, [2011-12-11T12:29:17.076743 #31334] DEBUG -- : Sat, 03 Dec 2011
D, [2011-12-11T12:29:17.077454 #31334] DEBUG -- : #<Event id: 11, location_id: 449, flyer: "6A7W3.jpg", start: "2012-12-12 00:00:00", end: "2011-12-11 09:01:25", band_name: "Test">
D, [2011-12-11T12:34:07.249450 #31368] DEBUG -- : nil
D, [2011-12-11T12:34:07.250662 #31368] DEBUG -- : nil
D, [2011-12-11T12:34:32.809131 #31383] DEBUG -- : Sat, 03 Dec 2011
D, [2011-12-11T12:34:32.810259 #31383] DEBUG -- : #<Event id: 11, location_id: 449, flyer: "6A7W3.jpg", start: "2012-12-12 00:00:00", end: "2011-12-11 09:01:25", band_name: "Test">
D, [2011-12-11T12:35:50.555966 #31412] DEBUG -- : Sat, 03 Dec 2011
D, [2011-12-11T12:35:50.557216 #31412] DEBUG -- : #<Event id: 11, location_id: 449, flyer: "6A7W3.jpg", start: "2012-12-12 00:00:00", end: "2011-12-11 09:01:25", band_name: "Test">
D, [2011-12-11T12:36:27.269216 #31440] DEBUG -- : nil
D, [2011-12-11T12:36:27.269665 #31440] DEBUG -- : nil
D, [2011-12-11T12:38:29.742373 #31499] DEBUG -- : nil
D, [2011-12-11T12:38:29.742849 #31499] DEBUG -- : nil
D, [2011-12-11T12:40:57.838388 #31528] DEBUG -- : nil
D, [2011-12-11T12:40:57.838958 #31528] DEBUG -- : nil
D, [2011-12-11T12:42:05.883990 #31602] DEBUG -- : nil
D, [2011-12-11T12:42:05.884517 #31602] DEBUG -- : nil
D, [2011-12-11T12:43:14.957358 #31616] DEBUG -- : nil
D, [2011-12-11T12:43:14.958010 #31616] DEBUG -- : nil
D, [2011-12-11T12:43:14.958281 #31616] DEBUG -- : nil
D, [2011-12-11T12:43:46.637522 #31622] DEBUG -- : events.json
D, [2011-12-11T12:43:47.226446 #31626] DEBUG -- : nil
D, [2011-12-11T12:43:47.226937 #31626] DEBUG -- : nil
D, [2011-12-11T12:43:47.227323 #31626] DEBUG -- : nil
D, [2011-12-11T12:43:53.797934 #31632] DEBUG -- : events.json
D, [2011-12-11T12:46:47.211256 #31707] DEBUG -- : Sun, 11 Dec 2011
D, [2011-12-11T12:46:47.217944 #31707] DEBUG -- : nil
D, [2011-12-11T12:46:49.142832 #31711] DEBUG -- : Sun, 11 Dec 2011
D, [2011-12-11T12:46:49.143617 #31711] DEBUG -- : nil
D, [2011-12-11T12:47:51.967711 #31728] DEBUG -- : Sun, 11 Dec 2011
D, [2011-12-11T12:47:51.968661 #31728] DEBUG -- : nil
D, [2011-12-11T12:51:15.219744 #31776] DEBUG -- : nil
D, [2011-12-11T12:51:15.220184 #31776] DEBUG -- : nil
